# Logfile created on 2014-01-08 20:20:38 +0100 by logger.rb/36483
I, [2014-01-08T20:20:38.823494 #38401]  INFO -- : 0:  RedCloth (4.2.9) from /Library/Ruby/Gems/2.0.0/specifications/RedCloth-4.2.9.gemspec
I, [2014-01-08T20:20:38.823927 #38401]  INFO -- : 0:  fast-stemmer (1.0.2) from /Library/Ruby/Gems/2.0.0/specifications/fast-stemmer-1.0.2.gemspec
I, [2014-01-08T20:20:38.824208 #38401]  INFO -- : 0:  classifier (1.3.3) from /Library/Ruby/Gems/2.0.0/specifications/classifier-1.3.3.gemspec
I, [2014-01-08T20:20:38.824481 #38401]  INFO -- : 0:  colorator (0.1) from /Library/Ruby/Gems/2.0.0/specifications/colorator-0.1.gemspec
I, [2014-01-08T20:20:38.824749 #38401]  INFO -- : 0:  highline (1.6.20) from /Library/Ruby/Gems/2.0.0/specifications/highline-1.6.20.gemspec
I, [2014-01-08T20:20:38.825018 #38401]  INFO -- : 0:  commander (4.1.5) from /Library/Ruby/Gems/2.0.0/specifications/commander-4.1.5.gemspec
I, [2014-01-08T20:20:38.825281 #38401]  INFO -- : 0:  ffi (1.9.3) from /Library/Ruby/Gems/2.0.0/specifications/ffi-1.9.3.gemspec
I, [2014-01-08T20:20:38.825543 #38401]  INFO -- : 0:  liquid (2.5.3) from /Library/Ruby/Gems/2.0.0/specifications/liquid-2.5.3.gemspec
I, [2014-01-08T20:20:38.825804 #38401]  INFO -- : 0:  rb-fsevent (0.9.3) from /Library/Ruby/Gems/2.0.0/specifications/rb-fsevent-0.9.3.gemspec
I, [2014-01-08T20:20:38.826063 #38401]  INFO -- : 0:  rb-inotify (0.9.2) from /Library/Ruby/Gems/2.0.0/specifications/rb-inotify-0.9.2.gemspec
I, [2014-01-08T20:20:38.826323 #38401]  INFO -- : 0:  rb-kqueue (0.2.0) from /Library/Ruby/Gems/2.0.0/specifications/rb-kqueue-0.2.0.gemspec
I, [2014-01-08T20:20:38.826581 #38401]  INFO -- : 0:  listen (1.3.1) from /Library/Ruby/Gems/2.0.0/specifications/listen-1.3.1.gemspec
I, [2014-01-08T20:20:38.826843 #38401]  INFO -- : 0:  syntax (1.0.0) from /Library/Ruby/Gems/2.0.0/specifications/syntax-1.0.0.gemspec
I, [2014-01-08T20:20:38.827109 #38401]  INFO -- : 0:  maruku (0.6.1) from /Library/Ruby/Gems/2.0.0/specifications/maruku-0.6.1.gemspec
I, [2014-01-08T20:20:38.827368 #38401]  INFO -- : 0:  posix-spawn (0.3.6) from /Library/Ruby/Gems/2.0.0/specifications/posix-spawn-0.3.6.gemspec
I, [2014-01-08T20:20:38.827628 #38401]  INFO -- : 0:  yajl-ruby (1.1.0) from /Library/Ruby/Gems/2.0.0/specifications/yajl-ruby-1.1.0.gemspec
I, [2014-01-08T20:20:38.827889 #38401]  INFO -- : 0:  pygments.rb (0.5.4) from /Library/Ruby/Gems/2.0.0/specifications/pygments.rb-0.5.4.gemspec
I, [2014-01-08T20:20:38.828153 #38401]  INFO -- : 0:  redcarpet (2.3.0) from /Library/Ruby/Gems/2.0.0/specifications/redcarpet-2.3.0.gemspec
I, [2014-01-08T20:20:38.828410 #38401]  INFO -- : 0:  safe_yaml (0.9.7) from /Library/Ruby/Gems/2.0.0/specifications/safe_yaml-0.9.7.gemspec
I, [2014-01-08T20:20:38.828672 #38401]  INFO -- : 0:  jekyll (1.3.0) from /Library/Ruby/Gems/2.0.0/specifications/jekyll-1.3.0.gemspec
I, [2014-01-08T20:20:38.828931 #38401]  INFO -- : 0:  kramdown (1.2.0) from /Library/Ruby/Gems/2.0.0/specifications/kramdown-1.2.0.gemspec
I, [2014-01-08T20:20:38.829188 #38401]  INFO -- : 0:  rdiscount (2.1.7) from /Library/Ruby/Gems/2.0.0/specifications/rdiscount-2.1.7.gemspec
I, [2014-01-08T20:20:38.829446 #38401]  INFO -- : 0:  github-pages (9) from /Library/Ruby/Gems/2.0.0/specifications/github-pages-9.gemspec
I, [2014-01-08T20:20:38.829678 #38401]  INFO -- : 0:  bundler (1.5.1) from /Library/Ruby/Gems/2.0.0/specifications/bundler-1.5.1.gemspec
